ARM GAS  /tmp/ccpn8WJ9.s 			page 1


   1              		.cpu cortex-m0
   2              		.eabi_attribute 20, 1
   3              		.eabi_attribute 21, 1
   4              		.eabi_attribute 23, 3
   5              		.eabi_attribute 24, 1
   6              		.eabi_attribute 25, 1
   7              		.eabi_attribute 26, 1
   8              		.eabi_attribute 30, 1
   9              		.eabi_attribute 34, 0
  10              		.eabi_attribute 18, 4
  11              		.file	"gpio.c"
  12              		.text
  13              	.Ltext0:
  14              		.cfi_sections	.debug_frame
  15              		.section	.text.MX_GPIO_Init,"ax",%progbits
  16              		.align	1
  17              		.global	MX_GPIO_Init
  18              		.syntax unified
  19              		.code	16
  20              		.thumb_func
  21              		.fpu softvfp
  23              	MX_GPIO_Init:
  24              	.LFB37:
  25              		.file 1 "Src/gpio.c"
   1:Src/gpio.c    **** /**
   2:Src/gpio.c    ****   ******************************************************************************
   3:Src/gpio.c    ****   * File Name          : gpio.c
   4:Src/gpio.c    ****   * Description        : This file provides code for the configuration
   5:Src/gpio.c    ****   *                      of all used GPIO pins.
   6:Src/gpio.c    ****   ******************************************************************************
   7:Src/gpio.c    ****   ** This notice applies to any and all portions of this file
   8:Src/gpio.c    ****   * that are not between comment pairs USER CODE BEGIN and
   9:Src/gpio.c    ****   * USER CODE END. Other portions of this file, whether 
  10:Src/gpio.c    ****   * inserted by the user or by software development tools
  11:Src/gpio.c    ****   * are owned by their respective copyright owners.
  12:Src/gpio.c    ****   *
  13:Src/gpio.c    ****   * COPYRIGHT(c) 2019 STMicroelectronics
  14:Src/gpio.c    ****   *
  15:Src/gpio.c    ****   * Redistribution and use in source and binary forms, with or without modification,
  16:Src/gpio.c    ****   * are permitted provided that the following conditions are met:
  17:Src/gpio.c    ****   *   1. Redistributions of source code must retain the above copyright notice,
  18:Src/gpio.c    ****   *      this list of conditions and the following disclaimer.
  19:Src/gpio.c    ****   *   2. Redistributions in binary form must reproduce the above copyright notice,
  20:Src/gpio.c    ****   *      this list of conditions and the following disclaimer in the documentation
  21:Src/gpio.c    ****   *      and/or other materials provided with the distribution.
  22:Src/gpio.c    ****   *   3. Neither the name of STMicroelectronics nor the names of its contributors
  23:Src/gpio.c    ****   *      may be used to endorse or promote products derived from this software
  24:Src/gpio.c    ****   *      without specific prior written permission.
  25:Src/gpio.c    ****   *
  26:Src/gpio.c    ****   * THIS SOFTWARE IS PROVIDED BY THE COPYRIGHT HOLDERS AND CONTRIBUTORS "AS IS"
  27:Src/gpio.c    ****   * AND ANY EXPRESS OR IMPLIED WARRANTIES, INCLUDING, BUT NOT LIMITED TO, THE
  28:Src/gpio.c    ****   * IMPLIED WARRANTIES OF MERCHANTABILITY AND FITNESS FOR A PARTICULAR PURPOSE ARE
  29:Src/gpio.c    ****   * DISCLAIMED. IN NO EVENT SHALL THE COPYRIGHT HOLDER OR CONTRIBUTORS BE LIABLE
  30:Src/gpio.c    ****   * FOR ANY DIRECT, INDIRECT, INCIDENTAL, SPECIAL, EXEMPLARY, OR CONSEQUENTIAL
  31:Src/gpio.c    ****   * DAMAGES (INCLUDING, BUT NOT LIMITED TO, PROCUREMENT OF SUBSTITUTE GOODS OR
  32:Src/gpio.c    ****   * SERVICES; LOSS OF USE, DATA, OR PROFITS; OR BUSINESS INTERRUPTION) HOWEVER
  33:Src/gpio.c    ****   * CAUSED AND ON ANY THEORY OF LIABILITY, WHETHER IN CONTRACT, STRICT LIABILITY,
ARM GAS  /tmp/ccpn8WJ9.s 			page 2


  34:Src/gpio.c    ****   * OR TORT (INCLUDING NEGLIGENCE OR OTHERWISE) ARISING IN ANY WAY OUT OF THE USE
  35:Src/gpio.c    ****   * OF THIS SOFTWARE, EVEN IF ADVISED OF THE POSSIBILITY OF SUCH DAMAGE.
  36:Src/gpio.c    ****   *
  37:Src/gpio.c    ****   ******************************************************************************
  38:Src/gpio.c    ****   */
  39:Src/gpio.c    **** 
  40:Src/gpio.c    **** /* Includes ------------------------------------------------------------------*/
  41:Src/gpio.c    **** #include "gpio.h"
  42:Src/gpio.c    **** /* USER CODE BEGIN 0 */
  43:Src/gpio.c    **** 
  44:Src/gpio.c    **** /* USER CODE END 0 */
  45:Src/gpio.c    **** 
  46:Src/gpio.c    **** /*----------------------------------------------------------------------------*/
  47:Src/gpio.c    **** /* Configure GPIO                                                             */
  48:Src/gpio.c    **** /*----------------------------------------------------------------------------*/
  49:Src/gpio.c    **** /* USER CODE BEGIN 1 */
  50:Src/gpio.c    **** 
  51:Src/gpio.c    **** /* USER CODE END 1 */
  52:Src/gpio.c    **** 
  53:Src/gpio.c    **** /** Configure pins as 
  54:Src/gpio.c    ****         * Analog 
  55:Src/gpio.c    ****         * Input 
  56:Src/gpio.c    ****         * Output
  57:Src/gpio.c    ****         * EVENT_OUT
  58:Src/gpio.c    ****         * EXTI
  59:Src/gpio.c    **** */
  60:Src/gpio.c    **** void MX_GPIO_Init(void)
  61:Src/gpio.c    **** {
  26              		.loc 1 61 0
  27              		.cfi_startproc
  28              		@ args = 0, pretend = 0, frame = 32
  29              		@ frame_needed = 0, uses_anonymous_args = 0
  30 0000 F0B5     		push	{r4, r5, r6, r7, lr}
  31              	.LCFI0:
  32              		.cfi_def_cfa_offset 20
  33              		.cfi_offset 4, -20
  34              		.cfi_offset 5, -16
  35              		.cfi_offset 6, -12
  36              		.cfi_offset 7, -8
  37              		.cfi_offset 14, -4
  38 0002 89B0     		sub	sp, sp, #36
  39              	.LCFI1:
  40              		.cfi_def_cfa_offset 56
  62:Src/gpio.c    **** 
  63:Src/gpio.c    ****   GPIO_InitTypeDef GPIO_InitStruct = {0};
  41              		.loc 1 63 0
  42 0004 1422     		movs	r2, #20
  43 0006 0021     		movs	r1, #0
  44 0008 03A8     		add	r0, sp, #12
  45 000a FFF7FEFF 		bl	memset
  46              	.LVL0:
  47              	.LBB2:
  64:Src/gpio.c    **** 
  65:Src/gpio.c    ****   /* GPIO Ports Clock Enable */
  66:Src/gpio.c    ****   __HAL_RCC_GPIOB_CLK_ENABLE();
  48              		.loc 1 66 0
  49 000e 1B4B     		ldr	r3, .L2
ARM GAS  /tmp/ccpn8WJ9.s 			page 3


  50 0010 5969     		ldr	r1, [r3, #20]
  51 0012 8020     		movs	r0, #128
  52 0014 C002     		lsls	r0, r0, #11
  53 0016 0143     		orrs	r1, r0
  54 0018 5961     		str	r1, [r3, #20]
  55 001a 5A69     		ldr	r2, [r3, #20]
  56 001c 0240     		ands	r2, r0
  57 001e 0192     		str	r2, [sp, #4]
  58 0020 019A     		ldr	r2, [sp, #4]
  59              	.LBE2:
  60              	.LBB3:
  67:Src/gpio.c    ****   __HAL_RCC_GPIOA_CLK_ENABLE();
  61              		.loc 1 67 0
  62 0022 5A69     		ldr	r2, [r3, #20]
  63 0024 8021     		movs	r1, #128
  64 0026 8902     		lsls	r1, r1, #10
  65 0028 0A43     		orrs	r2, r1
  66 002a 5A61     		str	r2, [r3, #20]
  67 002c 5B69     		ldr	r3, [r3, #20]
  68 002e 0B40     		ands	r3, r1
  69 0030 0293     		str	r3, [sp, #8]
  70 0032 029B     		ldr	r3, [sp, #8]
  71              	.LBE3:
  68:Src/gpio.c    **** 
  69:Src/gpio.c    ****   /*Configure GPIO pin Output Level */
  70:Src/gpio.c    ****   HAL_GPIO_WritePin(TEST_LED_GPIO_Port, TEST_LED_Pin, GPIO_PIN_RESET);
  72              		.loc 1 70 0
  73 0034 8024     		movs	r4, #128
  74 0036 6400     		lsls	r4, r4, #1
  75 0038 114F     		ldr	r7, .L2+4
  76 003a 0022     		movs	r2, #0
  77 003c 2100     		movs	r1, r4
  78 003e 3800     		movs	r0, r7
  79 0040 FFF7FEFF 		bl	HAL_GPIO_WritePin
  80              	.LVL1:
  71:Src/gpio.c    **** 
  72:Src/gpio.c    ****   /*Configure GPIO pin Output Level */
  73:Src/gpio.c    ****   HAL_GPIO_WritePin(GPIOA, PA5_Pin|PA6_Pin|PA7_Pin, GPIO_PIN_RESET);
  81              		.loc 1 73 0
  82 0044 9025     		movs	r5, #144
  83 0046 ED05     		lsls	r5, r5, #23
  84 0048 0022     		movs	r2, #0
  85 004a E021     		movs	r1, #224
  86 004c 2800     		movs	r0, r5
  87 004e FFF7FEFF 		bl	HAL_GPIO_WritePin
  88              	.LVL2:
  74:Src/gpio.c    **** 
  75:Src/gpio.c    ****   /*Configure GPIO pin : PtPin */
  76:Src/gpio.c    ****   GPIO_InitStruct.Pin = TEST_LED_Pin;
  89              		.loc 1 76 0
  90 0052 0394     		str	r4, [sp, #12]
  77:Src/gpio.c    ****   GPIO_InitStruct.Mode = GPIO_MODE_OUTPUT_PP;
  91              		.loc 1 77 0
  92 0054 0126     		movs	r6, #1
  93 0056 0496     		str	r6, [sp, #16]
  78:Src/gpio.c    ****   GPIO_InitStruct.Pull = GPIO_NOPULL;
  94              		.loc 1 78 0
ARM GAS  /tmp/ccpn8WJ9.s 			page 4


  95 0058 0024     		movs	r4, #0
  96 005a 0594     		str	r4, [sp, #20]
  79:Src/gpio.c    ****   GPIO_InitStruct.Speed = GPIO_SPEED_FREQ_LOW;
  97              		.loc 1 79 0
  98 005c 0694     		str	r4, [sp, #24]
  80:Src/gpio.c    ****   HAL_GPIO_Init(TEST_LED_GPIO_Port, &GPIO_InitStruct);
  99              		.loc 1 80 0
 100 005e 03A9     		add	r1, sp, #12
 101 0060 3800     		movs	r0, r7
 102 0062 FFF7FEFF 		bl	HAL_GPIO_Init
 103              	.LVL3:
  81:Src/gpio.c    **** 
  82:Src/gpio.c    ****   /*Configure GPIO pins : PAPin PAPin PAPin */
  83:Src/gpio.c    ****   GPIO_InitStruct.Pin = PA5_Pin|PA6_Pin|PA7_Pin;
 104              		.loc 1 83 0
 105 0066 E023     		movs	r3, #224
 106 0068 0393     		str	r3, [sp, #12]
  84:Src/gpio.c    ****   GPIO_InitStruct.Mode = GPIO_MODE_OUTPUT_PP;
 107              		.loc 1 84 0
 108 006a 0496     		str	r6, [sp, #16]
  85:Src/gpio.c    ****   GPIO_InitStruct.Pull = GPIO_NOPULL;
 109              		.loc 1 85 0
 110 006c 0594     		str	r4, [sp, #20]
  86:Src/gpio.c    ****   GPIO_InitStruct.Speed = GPIO_SPEED_FREQ_LOW;
 111              		.loc 1 86 0
 112 006e 0694     		str	r4, [sp, #24]
  87:Src/gpio.c    ****   HAL_GPIO_Init(GPIOA, &GPIO_InitStruct);
 113              		.loc 1 87 0
 114 0070 03A9     		add	r1, sp, #12
 115 0072 2800     		movs	r0, r5
 116 0074 FFF7FEFF 		bl	HAL_GPIO_Init
 117              	.LVL4:
  88:Src/gpio.c    **** 
  89:Src/gpio.c    **** }
 118              		.loc 1 89 0
 119 0078 09B0     		add	sp, sp, #36
 120              		@ sp needed
 121 007a F0BD     		pop	{r4, r5, r6, r7, pc}
 122              	.L3:
 123              		.align	2
 124              	.L2:
 125 007c 00100240 		.word	1073876992
 126 0080 00040048 		.word	1207960576
 127              		.cfi_endproc
 128              	.LFE37:
 130              		.text
 131              	.Letext0:
 132              		.file 2 "/home/logic/STM32Toolchain/gcc-arm-none-eabi-7-2018-q2-update/arm-none-eabi/include/machi
 133              		.file 3 "/home/logic/STM32Toolchain/gcc-arm-none-eabi-7-2018-q2-update/arm-none-eabi/include/sys/_
 134              		.file 4 "Drivers/CMSIS/Device/ST/STM32F0xx/Include/system_stm32f0xx.h"
 135              		.file 5 "Drivers/CMSIS/Device/ST/STM32F0xx/Include/stm32f042x6.h"
 136              		.file 6 "/home/logic/STM32Toolchain/gcc-arm-none-eabi-7-2018-q2-update/arm-none-eabi/include/sys/l
 137              		.file 7 "/home/logic/STM32Toolchain/gcc-arm-none-eabi-7-2018-q2-update/arm-none-eabi/include/sys/_
 138              		.file 8 "/home/logic/STM32Toolchain/gcc-arm-none-eabi-7-2018-q2-update/lib/gcc/arm-none-eabi/7.3.1
 139              		.file 9 "/home/logic/STM32Toolchain/gcc-arm-none-eabi-7-2018-q2-update/arm-none-eabi/include/sys/r
 140              		.file 10 "Drivers/STM32F0xx_HAL_Driver/Inc/stm32f0xx_hal_gpio.h"
 141              		.file 11 "<built-in>"
ARM GAS  /tmp/ccpn8WJ9.s 			page 5


ARM GAS  /tmp/ccpn8WJ9.s 			page 6


DEFINED SYMBOLS
                            *ABS*:0000000000000000 gpio.c
     /tmp/ccpn8WJ9.s:16     .text.MX_GPIO_Init:0000000000000000 $t
     /tmp/ccpn8WJ9.s:23     .text.MX_GPIO_Init:0000000000000000 MX_GPIO_Init
     /tmp/ccpn8WJ9.s:125    .text.MX_GPIO_Init:000000000000007c $d

UNDEFINED SYMBOLS
memset
HAL_GPIO_WritePin
HAL_GPIO_Init
