ARM GAS  /tmp/cch0dVdD.s 			page 1


   1              		.cpu cortex-m0
   2              		.eabi_attribute 20, 1
   3              		.eabi_attribute 21, 1
   4              		.eabi_attribute 23, 3
   5              		.eabi_attribute 24, 1
   6              		.eabi_attribute 25, 1
   7              		.eabi_attribute 26, 1
   8              		.eabi_attribute 30, 1
   9              		.eabi_attribute 34, 0
  10              		.eabi_attribute 18, 4
  11              		.file	"stm32f0xx_hal_tim_ex.c"
  12              		.text
  13              	.Ltext0:
  14              		.cfi_sections	.debug_frame
  15              	.Letext0:
  16              		.file 1 "/home/logic/STM32Toolchain/gcc-arm-none-eabi-7-2018-q2-update/arm-none-eabi/include/machi
  17              		.file 2 "/home/logic/STM32Toolchain/gcc-arm-none-eabi-7-2018-q2-update/arm-none-eabi/include/sys/_
  18              		.file 3 "Drivers/CMSIS/Device/ST/STM32F0xx/Include/system_stm32f0xx.h"
  19              		.file 4 "/home/logic/STM32Toolchain/gcc-arm-none-eabi-7-2018-q2-update/arm-none-eabi/include/sys/l
  20              		.file 5 "/home/logic/STM32Toolchain/gcc-arm-none-eabi-7-2018-q2-update/arm-none-eabi/include/sys/_
  21              		.file 6 "/home/logic/STM32Toolchain/gcc-arm-none-eabi-7-2018-q2-update/lib/gcc/arm-none-eabi/7.3.1
  22              		.file 7 "/home/logic/STM32Toolchain/gcc-arm-none-eabi-7-2018-q2-update/arm-none-eabi/include/sys/r
ARM GAS  /tmp/cch0dVdD.s 			page 2


DEFINED SYMBOLS
                            *ABS*:0000000000000000 stm32f0xx_hal_tim_ex.c

NO UNDEFINED SYMBOLS
