ARM GAS  /tmp/cctquTtp.s 			page 1


   1              		.cpu cortex-m0
   2              		.eabi_attribute 20, 1
   3              		.eabi_attribute 21, 1
   4              		.eabi_attribute 23, 3
   5              		.eabi_attribute 24, 1
   6              		.eabi_attribute 25, 1
   7              		.eabi_attribute 26, 1
   8              		.eabi_attribute 30, 1
   9              		.eabi_attribute 34, 0
  10              		.eabi_attribute 18, 4
  11              		.file	"stm32f0xx_hal_msp.c"
  12              		.text
  13              	.Ltext0:
  14              		.cfi_sections	.debug_frame
  15              		.section	.text.HAL_MspInit,"ax",%progbits
  16              		.align	1
  17              		.global	HAL_MspInit
  18              		.syntax unified
  19              		.code	16
  20              		.thumb_func
  21              		.fpu softvfp
  23              	HAL_MspInit:
  24              	.LFB37:
  25              		.file 1 "Src/stm32f0xx_hal_msp.c"
   1:Src/stm32f0xx_hal_msp.c **** /* USER CODE BEGIN Header */
   2:Src/stm32f0xx_hal_msp.c **** /**
   3:Src/stm32f0xx_hal_msp.c ****   ******************************************************************************
   4:Src/stm32f0xx_hal_msp.c ****   * File Name          : stm32f0xx_hal_msp.c
   5:Src/stm32f0xx_hal_msp.c ****   * Description        : This file provides code for the MSP Initialization 
   6:Src/stm32f0xx_hal_msp.c ****   *                      and de-Initialization codes.
   7:Src/stm32f0xx_hal_msp.c ****   ******************************************************************************
   8:Src/stm32f0xx_hal_msp.c ****   ** This notice applies to any and all portions of this file
   9:Src/stm32f0xx_hal_msp.c ****   * that are not between comment pairs USER CODE BEGIN and
  10:Src/stm32f0xx_hal_msp.c ****   * USER CODE END. Other portions of this file, whether 
  11:Src/stm32f0xx_hal_msp.c ****   * inserted by the user or by software development tools
  12:Src/stm32f0xx_hal_msp.c ****   * are owned by their respective copyright owners.
  13:Src/stm32f0xx_hal_msp.c ****   *
  14:Src/stm32f0xx_hal_msp.c ****   * COPYRIGHT(c) 2019 STMicroelectronics
  15:Src/stm32f0xx_hal_msp.c ****   *
  16:Src/stm32f0xx_hal_msp.c ****   * Redistribution and use in source and binary forms, with or without modification,
  17:Src/stm32f0xx_hal_msp.c ****   * are permitted provided that the following conditions are met:
  18:Src/stm32f0xx_hal_msp.c ****   *   1. Redistributions of source code must retain the above copyright notice,
  19:Src/stm32f0xx_hal_msp.c ****   *      this list of conditions and the following disclaimer.
  20:Src/stm32f0xx_hal_msp.c ****   *   2. Redistributions in binary form must reproduce the above copyright notice,
  21:Src/stm32f0xx_hal_msp.c ****   *      this list of conditions and the following disclaimer in the documentation
  22:Src/stm32f0xx_hal_msp.c ****   *      and/or other materials provided with the distribution.
  23:Src/stm32f0xx_hal_msp.c ****   *   3. Neither the name of STMicroelectronics nor the names of its contributors
  24:Src/stm32f0xx_hal_msp.c ****   *      may be used to endorse or promote products derived from this software
  25:Src/stm32f0xx_hal_msp.c ****   *      without specific prior written permission.
  26:Src/stm32f0xx_hal_msp.c ****   *
  27:Src/stm32f0xx_hal_msp.c ****   * THIS SOFTWARE IS PROVIDED BY THE COPYRIGHT HOLDERS AND CONTRIBUTORS "AS IS"
  28:Src/stm32f0xx_hal_msp.c ****   * AND ANY EXPRESS OR IMPLIED WARRANTIES, INCLUDING, BUT NOT LIMITED TO, THE
  29:Src/stm32f0xx_hal_msp.c ****   * IMPLIED WARRANTIES OF MERCHANTABILITY AND FITNESS FOR A PARTICULAR PURPOSE ARE
  30:Src/stm32f0xx_hal_msp.c ****   * DISCLAIMED. IN NO EVENT SHALL THE COPYRIGHT HOLDER OR CONTRIBUTORS BE LIABLE
  31:Src/stm32f0xx_hal_msp.c ****   * FOR ANY DIRECT, INDIRECT, INCIDENTAL, SPECIAL, EXEMPLARY, OR CONSEQUENTIAL
  32:Src/stm32f0xx_hal_msp.c ****   * DAMAGES (INCLUDING, BUT NOT LIMITED TO, PROCUREMENT OF SUBSTITUTE GOODS OR
  33:Src/stm32f0xx_hal_msp.c ****   * SERVICES; LOSS OF USE, DATA, OR PROFITS; OR BUSINESS INTERRUPTION) HOWEVER
ARM GAS  /tmp/cctquTtp.s 			page 2


  34:Src/stm32f0xx_hal_msp.c ****   * CAUSED AND ON ANY THEORY OF LIABILITY, WHETHER IN CONTRACT, STRICT LIABILITY,
  35:Src/stm32f0xx_hal_msp.c ****   * OR TORT (INCLUDING NEGLIGENCE OR OTHERWISE) ARISING IN ANY WAY OUT OF THE USE
  36:Src/stm32f0xx_hal_msp.c ****   * OF THIS SOFTWARE, EVEN IF ADVISED OF THE POSSIBILITY OF SUCH DAMAGE.
  37:Src/stm32f0xx_hal_msp.c ****   *
  38:Src/stm32f0xx_hal_msp.c ****   ******************************************************************************
  39:Src/stm32f0xx_hal_msp.c ****   */
  40:Src/stm32f0xx_hal_msp.c **** /* USER CODE END Header */
  41:Src/stm32f0xx_hal_msp.c **** 
  42:Src/stm32f0xx_hal_msp.c **** /* Includes ------------------------------------------------------------------*/
  43:Src/stm32f0xx_hal_msp.c **** #include "main.h"
  44:Src/stm32f0xx_hal_msp.c **** /* USER CODE BEGIN Includes */
  45:Src/stm32f0xx_hal_msp.c **** 
  46:Src/stm32f0xx_hal_msp.c **** /* USER CODE END Includes */
  47:Src/stm32f0xx_hal_msp.c **** 
  48:Src/stm32f0xx_hal_msp.c **** /* Private typedef -----------------------------------------------------------*/
  49:Src/stm32f0xx_hal_msp.c **** /* USER CODE BEGIN TD */
  50:Src/stm32f0xx_hal_msp.c **** 
  51:Src/stm32f0xx_hal_msp.c **** /* USER CODE END TD */
  52:Src/stm32f0xx_hal_msp.c **** 
  53:Src/stm32f0xx_hal_msp.c **** /* Private define ------------------------------------------------------------*/
  54:Src/stm32f0xx_hal_msp.c **** /* USER CODE BEGIN Define */
  55:Src/stm32f0xx_hal_msp.c ****  
  56:Src/stm32f0xx_hal_msp.c **** /* USER CODE END Define */
  57:Src/stm32f0xx_hal_msp.c **** 
  58:Src/stm32f0xx_hal_msp.c **** /* Private macro -------------------------------------------------------------*/
  59:Src/stm32f0xx_hal_msp.c **** /* USER CODE BEGIN Macro */
  60:Src/stm32f0xx_hal_msp.c **** 
  61:Src/stm32f0xx_hal_msp.c **** /* USER CODE END Macro */
  62:Src/stm32f0xx_hal_msp.c **** 
  63:Src/stm32f0xx_hal_msp.c **** /* Private variables ---------------------------------------------------------*/
  64:Src/stm32f0xx_hal_msp.c **** /* USER CODE BEGIN PV */
  65:Src/stm32f0xx_hal_msp.c **** 
  66:Src/stm32f0xx_hal_msp.c **** /* USER CODE END PV */
  67:Src/stm32f0xx_hal_msp.c **** 
  68:Src/stm32f0xx_hal_msp.c **** /* Private function prototypes -----------------------------------------------*/
  69:Src/stm32f0xx_hal_msp.c **** /* USER CODE BEGIN PFP */
  70:Src/stm32f0xx_hal_msp.c **** 
  71:Src/stm32f0xx_hal_msp.c **** /* USER CODE END PFP */
  72:Src/stm32f0xx_hal_msp.c **** 
  73:Src/stm32f0xx_hal_msp.c **** /* External functions --------------------------------------------------------*/
  74:Src/stm32f0xx_hal_msp.c **** /* USER CODE BEGIN ExternalFunctions */
  75:Src/stm32f0xx_hal_msp.c **** 
  76:Src/stm32f0xx_hal_msp.c **** /* USER CODE END ExternalFunctions */
  77:Src/stm32f0xx_hal_msp.c **** 
  78:Src/stm32f0xx_hal_msp.c **** /* USER CODE BEGIN 0 */
  79:Src/stm32f0xx_hal_msp.c **** 
  80:Src/stm32f0xx_hal_msp.c **** /* USER CODE END 0 */
  81:Src/stm32f0xx_hal_msp.c **** /**
  82:Src/stm32f0xx_hal_msp.c ****   * Initializes the Global MSP.
  83:Src/stm32f0xx_hal_msp.c ****   */
  84:Src/stm32f0xx_hal_msp.c **** void HAL_MspInit(void)
  85:Src/stm32f0xx_hal_msp.c **** {
  26              		.loc 1 85 0
  27              		.cfi_startproc
  28              		@ args = 0, pretend = 0, frame = 8
  29              		@ frame_needed = 0, uses_anonymous_args = 0
  30              		@ link register save eliminated.
ARM GAS  /tmp/cctquTtp.s 			page 3


  31 0000 82B0     		sub	sp, sp, #8
  32              	.LCFI0:
  33              		.cfi_def_cfa_offset 8
  34              	.LBB2:
  86:Src/stm32f0xx_hal_msp.c ****   /* USER CODE BEGIN MspInit 0 */
  87:Src/stm32f0xx_hal_msp.c **** 
  88:Src/stm32f0xx_hal_msp.c ****   /* USER CODE END MspInit 0 */
  89:Src/stm32f0xx_hal_msp.c **** 
  90:Src/stm32f0xx_hal_msp.c ****   __HAL_RCC_SYSCFG_CLK_ENABLE();
  35              		.loc 1 90 0
  36 0002 0A4B     		ldr	r3, .L2
  37 0004 9969     		ldr	r1, [r3, #24]
  38 0006 0122     		movs	r2, #1
  39 0008 1143     		orrs	r1, r2
  40 000a 9961     		str	r1, [r3, #24]
  41 000c 9969     		ldr	r1, [r3, #24]
  42 000e 0A40     		ands	r2, r1
  43 0010 0092     		str	r2, [sp]
  44 0012 009A     		ldr	r2, [sp]
  45              	.LBE2:
  46              	.LBB3:
  91:Src/stm32f0xx_hal_msp.c ****   __HAL_RCC_PWR_CLK_ENABLE();
  47              		.loc 1 91 0
  48 0014 DA69     		ldr	r2, [r3, #28]
  49 0016 8021     		movs	r1, #128
  50 0018 4905     		lsls	r1, r1, #21
  51 001a 0A43     		orrs	r2, r1
  52 001c DA61     		str	r2, [r3, #28]
  53 001e DB69     		ldr	r3, [r3, #28]
  54 0020 0B40     		ands	r3, r1
  55 0022 0193     		str	r3, [sp, #4]
  56 0024 019B     		ldr	r3, [sp, #4]
  57              	.LBE3:
  92:Src/stm32f0xx_hal_msp.c **** 
  93:Src/stm32f0xx_hal_msp.c ****   /* System interrupt init*/
  94:Src/stm32f0xx_hal_msp.c **** 
  95:Src/stm32f0xx_hal_msp.c ****   /* USER CODE BEGIN MspInit 1 */
  96:Src/stm32f0xx_hal_msp.c **** 
  97:Src/stm32f0xx_hal_msp.c ****   /* USER CODE END MspInit 1 */
  98:Src/stm32f0xx_hal_msp.c **** }
  58              		.loc 1 98 0
  59 0026 02B0     		add	sp, sp, #8
  60              		@ sp needed
  61 0028 7047     		bx	lr
  62              	.L3:
  63 002a C046     		.align	2
  64              	.L2:
  65 002c 00100240 		.word	1073876992
  66              		.cfi_endproc
  67              	.LFE37:
  69              		.text
  70              	.Letext0:
  71              		.file 2 "/home/logic/STM32Toolchain/gcc-arm-none-eabi-7-2018-q2-update/arm-none-eabi/include/machi
  72              		.file 3 "/home/logic/STM32Toolchain/gcc-arm-none-eabi-7-2018-q2-update/arm-none-eabi/include/sys/_
  73              		.file 4 "Drivers/CMSIS/Device/ST/STM32F0xx/Include/system_stm32f0xx.h"
  74              		.file 5 "Drivers/CMSIS/Device/ST/STM32F0xx/Include/stm32f042x6.h"
  75              		.file 6 "/home/logic/STM32Toolchain/gcc-arm-none-eabi-7-2018-q2-update/arm-none-eabi/include/sys/l
ARM GAS  /tmp/cctquTtp.s 			page 4


  76              		.file 7 "/home/logic/STM32Toolchain/gcc-arm-none-eabi-7-2018-q2-update/arm-none-eabi/include/sys/_
  77              		.file 8 "/home/logic/STM32Toolchain/gcc-arm-none-eabi-7-2018-q2-update/lib/gcc/arm-none-eabi/7.3.1
  78              		.file 9 "/home/logic/STM32Toolchain/gcc-arm-none-eabi-7-2018-q2-update/arm-none-eabi/include/sys/r
ARM GAS  /tmp/cctquTtp.s 			page 5


DEFINED SYMBOLS
                            *ABS*:0000000000000000 stm32f0xx_hal_msp.c
     /tmp/cctquTtp.s:16     .text.HAL_MspInit:0000000000000000 $t
     /tmp/cctquTtp.s:23     .text.HAL_MspInit:0000000000000000 HAL_MspInit
     /tmp/cctquTtp.s:65     .text.HAL_MspInit:000000000000002c $d

NO UNDEFINED SYMBOLS
